### ISSUE TITLE
bindings/pygobject/test-override-ibus.py test fails with codedump; caused by strlen(0xffffff)

### ISSUE THREAD

**Issue by kabe-gh** [ibus/ibus#2834]
### Distribution and Version

Rocky Linux 10.0 x86_64

### Desktop Environment and Version

non applicable

### Session Type

Wayland

### Application and Version

non applicable

### IBus version

1.5.33

### Issue Description

Test: bindings/pygobject/test-override-ibus.py test dumps core.

### Steps to Reproduce

```bash
git clone -b 1.5.33 https://github.com/ibus/ibus.git
cd ibus

LANG=C \
PKG_CONFIG_PATH=/usr/lib/pkgconfig CPPFLAGS="-I/usr/include/glib-2.0 -D_TIME_BITS=64 -D_FILE_OFFSET_BITS=64 -fcf-protection=none" CFLAGS="-m32 -march=i586 -g -O" CXXFLAGS="-m32 -march=i586 -g -O" LDFLAGS="-m32" \
./configure  --program-prefix= --disable-dependency-tracking --prefix=/usr --disable-static --disable-gtk2 --enable-gtk3 --enable-gtk4 --enable-xim  --enable-surrounding-text --with-python=python3 --disable-python2 --with-python-overrides-dir=/usr/lib/python3.12/site-packages/gi/overrides --enable-wayland --enable-introspection --enable-install-tests

LANG=C \
PKG_CONFIG_PATH=/usr/lib/pkgconfig CPPFLAGS="-I/usr/include/glib-2.0 -D_TIME_BITS=64 -D_FILE_OFFSET_BITS=64 -fcf-protection=none" CFLAGS="-m32 -march=i586 -g -O" CXXFLAGS="-m32 -march=i586 -g -O" LDFLAGS="-m32" \
make -O -j4 V=1 VERBOSE=1 |& tee log.build

#make check
LANG=C \
make check 'DISABLE_GUI_TESTS=ibus-compose ibus-keypress test-stress xkb-latin-layouts' VERBOSE=1

Result:
...
make[2]: Entering directory '/home/kabe/r10builds/ibus-r10/BUILD/ibus/bindings/pygobject'
make  check-TESTS
make[3]: Entering directory '/home/kabe/r10builds/ibus-r10/BUILD/ibus/bindings/pygobject'
make[4]: Entering directory '/home/kabe/r10builds/ibus-r10/BUILD/ibus/bindings/pygobject'
../../test-driver: line 112: 3360505 Segmentation fault      (core dumped) "$@" >> "$log_file" 2>&1
FAIL: test-override-ibus.py

The test could be invoked standalone by
cd bindings/pygobject
GI_TYPELIB_PATH=../../src: PYTHONPATH=../../src/tests:../../bindings/pygobject/gi/overrides/ LD_LIBRARY_PATH=../../src/.libs: \
python3 -B ./test-override-ibus.py
```

### Can you reproduce your problem when you restart ibus-daemon? (yes / no)

non applicable

### Do you see any errors when you run ibus-daemon with the verbose option?

non applicable

### Can you reproduce your problem with a new user account instead of the
current your account? (yes / no)

non applicable

### Add any other context about the problem here.

By using gdb, the coredump was caused by strlen(0xffffff) .

```
(gdb) run -B ./test-override-ibus.py

Thread 1 "python3" received signal SIGSEGV, Segmentation fault.
(gdb) up
#1  0xf7b5332a in PyUnicode_FromString (
    u=0xffffff <error: Cannot access memory at address 0xffffff>)
    at /usr/src/debug/python3.12-3.12.9-2.el10_0.v1.3.i386/Objects/unicodeobject.c:2069
2069        size_t size = strlen(u);
```

By digging deeper, I found the assignment place:

```
Thread 1 "python3" hit Breakpoint 3, g_field_info_get_field (
    field_info=<optimized out>, mem=<optimized out>, value=<optimized out>)
    at ../girepository/gifieldinfo.c:195
195           result = TRUE;
(gdb) info r eax
eax            0xffffff            16777215

(gdb) list
190       type_info = g_field_info_get_type (field_info);
191
192       if (g_type_info_is_pointer (type_info))
193         {
194           value->v_pointer = G_STRUCT_MEMBER (gpointer, mem, offset); <<< 0xffffff assigned
195           result = TRUE;
196         }
197       else
198         {
199           switch (g_type_info_get_tag (type_info))

(gdb) print mem
$3 = <optimized out>
(gdb) print offset
$4 = <optimized out>
```

g_field_info_get_field()  is an gobject-introspection function.
Since values were `<optimized out>`; I had to resort to assembly:

```
   0xf6f08629 <+89>:    call   0xf6efedf0 <g_type_info_is_pointer@plt>
   0xf6f0862e <+94>:    add    $0x10,%esp
   0xf6f08631 <+97>:    mov    %eax,%edi
   0xf6f08633 <+99>:    test   %eax,%eax
   0xf6f08635 <+101>:   je     0xf6f08690 <g_field_info_get_field+192>
   0xf6f08637 <+103>:   mov    0x34(%esp),%ecx	;;; mem
   0xf6f0863b <+107>:   mov    0x8(%esp),%eax	;;; offset
   0xf6f0863f <+111>:   mov    0x38(%esp),%edx
   0xf6f08643 <+115>:   mov    (%ecx,%eax,1),%eax
   0xf6f08646 <+118>:   mov    %eax,(%edx)
=> 0xf6f08648 <+120>:   mov    $0x1,%edi
   0xf6f0864d <+125>:   sub    $0xc,%esp
   0xf6f08650 <+128>:   push   %ebp
   0xf6f08651 <+129>:   call   0xf6efeb20 <g_base_info_unref@plt>
   0xf6f08656 <+134>:   add    $0x10,%esp

(gdb) x/xw ($esp+0x34)
0xffffb874:     0x566d2088
(gdb) x/xw ($esp+0x8)
0xffffb848:     0x00000038
(gdb) x/xw (0x566d2088+0x38)
0x566d20c0:     0x00ffffff

(gdb) x/32xw 0x566d2080
0x566d2080:     0x00000000      0x00000000      0x566d0ac0      0x00000001
0x566d2090:     0x566d1880      0x00000000      0x566d2078      0x566d2070
0x566d20a0:     0x00000000      0x566d1cc0      0x00000000      0x00000021
0x566d20b0:     0x56687ab2      0x051c0fe1      0x00000004      0x00000004
0x566d20c0:     0x00ffffff <<<  0x00000000      0x00000000      0x00000021
0x566d20d0:     0x56684662      0x051c0fe1      0x00000000      0x00000000
0x566d20e0:     0x00ffffff      0x00ffffff      0x00ffffff      0x00000011
0x566d20f0:     0x56687f6a      0x00010000      0x00000000      0x00000031
```
Indeed, address 0x566d20c0 has 0x00ffffff.
But why? Looking at the last hexdump, there is 0x00ffffff sprinkled;
is this normal?
Is ibus not properly using introspection?

**Comment by fujiwarat** [comment]
I don't think gdb is useful for your case but it would be good add some `print()` debuggings.

Did you check the content of test-override-ibus.py.log ?

In case you replace the content of test-override-ibus.py with below lines, what is the output of `GI_TYPELIB_PATH=... python3 -B ./test-override-ibus.py` ?

```
% cat test-override-ibus.py
import unittest

import os
import sys

tests_builddir = os.path.abspath(os.path.dirname(__file__))
sys.path = [path for path in sys.path if path != tests_builddir]
sys.path.append(tests_builddir)

from gi.repository import GLib, IBus
```

**Comment by kabe-gh** [comment]
Thanks for a comment!

test-override-ibus.py.log says:
```
/home/kabe/r10builds/ibus-r10/BUILD/ibus/bindings/pygobject/./test-override-ibus.py:34: PyGIWarning: IBus was imported without specifying a version first. Use gi.require_version('IBus', '1.0') before import to ensure that the right version gets loaded.
  from gi.repository import GLib, IBus
..s.s/home/kabe/r10builds/ibus-r10/BUILD/ibus/bindings/pygobject/gi/overrides/IBus.py:147: DeprecationWarning: IBus.Keymap.new is deprecated
  return IBus.Keymap.new(name)
FAIL test-override-ibus.py (exit status: 139)
```

test-override-ibus.py.trs says:
```
:test-result: FAIL
:global-test-result: FAIL
:recheck: yes
:copy-in-global-log: yes
```

**Comment by kabe-gh** [comment]
The code provided for  test-override-ibus.py was identical to the original (comments excluded), so the behavior didn't change.
test-override-ibus.py coredumps.
```
$  GI_TYPELIB_PATH=../../src: PYTHONPATH=../../src/tests:../../bindings/pygobject/gi/overrides/ LD_LIBRARY_PATH=../../src/.libs: python3 -B ./test-override-ibus.py
/home/kabe/r10builds/ibus-r10/BUILD/ibus/bindings/pygobject/./test-override-ibus.py:34: PyGIWarning: IBus was imported without specifying a version first. Use gi.require_version('IBus', '1.0') before import to ensure that the right version gets loaded.
  from gi.repository import GLib, IBus
..s.s/home/kabe/r10builds/ibus-r10/BUILD/ibus/bindings/pygobject/gi/overrides/IBus.py:147: DeprecationWarning: IBus.Keymap.new is deprecated
  return IBus.Keymap.new(name)
EF.Segmentation fault (core dumped)
```

**Comment by kabe-gh** [comment]
I didn't know about "-v" option for unittest module. Here's output with -v:
```
GI_TYPELIB_PATH=../../src: PYTHONPATH=../../src/tests:../../bindings/pygobject/gi/overrides/ LD_LIBRARY_PATH=../../src/.libs: python3 -B ./test-override-ibus.py -v
/home/kabe/r10builds/ibus-r10/BUILD/ibus/bindings/pygobject/./test-override-ibus.py:34: PyGIWarning: IBus was imported without specifying a version first. Use gi.require_version('IBus', '1.0') before import to ensure that the right version gets loaded.
  from gi.repository import GLib, IBus
test_attribute (__main__.TestOverride.test_attribute) ... ok
test_component (__main__.TestOverride.test_component) ... ok
test_config (__main__.TestOverride.test_config) ... skipped 'bus not connected'
test_engine_desc (__main__.TestOverride.test_engine_desc) ... ok
test_factory (__main__.TestOverride.test_factory) ... skipped 'bus not connected'
test_keymap (__main__.TestOverride.test_keymap) ... /home/kabe/r10builds/ibus-r10/BUILD/ibus/bindings/pygobject/gi/overrides/IBus.py:147: DeprecationWarning: IBus.Keymap.new is deprecated
  return IBus.Keymap.new(name)
ERROR
test_lookup_table (__main__.TestOverride.test_lookup_table) ... FAIL
test_property (__main__.TestOverride.test_property) ... ok
test_text (__main__.TestOverride.test_text) ... Segmentation fault (core dumped)
```

**Comment by kabe-gh** [comment]
The root cause was using 64bit version of
/usr/bin/g-ir-compiler, /usr/bin/g-ir-generate, /usr/bin/g-ir-inspect .
When the above binaries were replaced with 32bot versions, the tests passed.
I'll close this report.
